<?xml version="1.0" encoding="UTF-8"?>
<coverage generated="1677790206066" clover="3.2.0">
  <project timestamp="1677790206067" name="All files">
    <metrics statements="24" coveredstatements="24" conditionals="2" coveredconditionals="1" methods="3" coveredmethods="3" elements="29" coveredelements="28" complexity="0" loc="24" ncloc="24" packages="1" files="1" classes="1"/>
    <file name="add-remove-mock.js" path="C:\Microverse All\Microverse New\Testing on Kevin's project\TODOList\src\mock-add-remove\add-remove-mock.js">
      <metrics statements="24" coveredstatements="24" conditionals="2" coveredconditionals="1" methods="3" coveredmethods="3"/>
      <line num="1" count="1" type="stmt"/>
      <line num="2" count="1" type="stmt"/>
      <line num="3" count="1" type="stmt"/>
      <line num="4" count="1" type="stmt"/>
      <line num="5" count="1" type="stmt"/>
      <line num="6" count="1" type="stmt"/>
      <line num="7" count="1" type="stmt"/>
      <line num="8" count="1" type="stmt"/>
      <line num="14" count="1" type="stmt"/>
      <line num="15" count="2" type="stmt"/>
      <line num="16" count="2" type="cond" truecount="1" falsecount="1"/>
      <line num="17" count="2" type="stmt"/>
      <line num="18" count="2" type="stmt"/>
      <line num="19" count="2" type="stmt"/>
      <line num="20" count="3" type="stmt"/>
      <line num="22" count="2" type="stmt"/>
      <line num="26" count="1" type="stmt"/>
      <line num="27" count="3" type="stmt"/>
      <line num="28" count="2" type="stmt"/>
      <line num="29" count="2" type="stmt"/>
      <line num="30" count="2" type="stmt"/>
      <line num="33" count="1" type="stmt"/>
      <line num="34" count="1" type="stmt"/>
      <line num="36" count="1" type="stmt"/>
    </file>
  </project>
</coverage>
