{"C:\\Microverse All\\Microverse New\\Testing on Kevin's project\\TODOList\\src\\mock-add-remove\\add-remove-mock.js": {"path":"C:\\Microverse All\\Microverse New\\Testing on Kevin's project\\TODOList\\src\\mock-add-remove\\add-remove-mock.js","statementMap":{"0":{"start":{"line":1,"column":16},"end":{"line":1,"column":45}},"1":{"start":{"line":2,"column":11},"end":{"line":2,"column":39}},"2":{"start":{"line":3,"column":0},"end":{"line":3,"column":30}},"3":{"start":{"line":4,"column":0},"end":{"line":4,"column":24}},"4":{"start":{"line":5,"column":18},"end":{"line":5,"column":49}},"5":{"start":{"line":6,"column":0},"end":{"line":6,"column":32}},"6":{"start":{"line":7,"column":12},"end":{"line":7,"column":14}},"7":{"start":{"line":8,"column":13},"end":{"line":11,"column":1}},"8":{"start":{"line":14,"column":16},"end":{"line":24,"column":1}},"9":{"start":{"line":15,"column":20},"end":{"line":15,"column":29}},"10":{"start":{"line":16,"column":2},"end":{"line":23,"column":3}},"11":{"start":{"line":17,"column":4},"end":{"line":17,"column":29}},"12":{"start":{"line":18,"column":4},"end":{"line":18,"column":21}},"13":{"start":{"line":19,"column":4},"end":{"line":21,"column":5}},"14":{"start":{"line":19,"column":17},"end":{"line":19,"column":18}},"15":{"start":{"line":20,"column":6},"end":{"line":20,"column":29}},"16":{"start":{"line":22,"column":4},"end":{"line":22,"column":57}},"17":{"start":{"line":26,"column":19},"end":{"line":31,"column":1}},"18":{"start":{"line":27,"column":23},"end":{"line":27,"column":64}},"19":{"start":{"line":27,"column":46},"end":{"line":27,"column":63}},"20":{"start":{"line":28,"column":2},"end":{"line":28,"column":23}},"21":{"start":{"line":29,"column":2},"end":{"line":29,"column":55}},"22":{"start":{"line":30,"column":2},"end":{"line":30,"column":22}},"23":{"start":{"line":33,"column":0},"end":{"line":33,"column":10}},"24":{"start":{"line":34,"column":0},"end":{"line":34,"column":13}},"25":{"start":{"line":36,"column":0},"end":{"line":36,"column":41}}},"fnMap":{"0":{"name":"(anonymous_0)","decl":{"start":{"line":14,"column":16},"end":{"line":14,"column":17}},"loc":{"start":{"line":14,"column":22},"end":{"line":24,"column":1}},"line":14},"1":{"name":"(anonymous_1)","decl":{"start":{"line":26,"column":19},"end":{"line":26,"column":20}},"loc":{"start":{"line":26,"column":27},"end":{"line":31,"column":1}},"line":26},"2":{"name":"(anonymous_2)","decl":{"start":{"line":27,"column":36},"end":{"line":27,"column":37}},"loc":{"start":{"line":27,"column":46},"end":{"line":27,"column":63}},"line":27}},"branchMap":{"0":{"loc":{"start":{"line":16,"column":2},"end":{"line":23,"column":3}},"type":"if","locations":[{"start":{"line":16,"column":2},"end":{"line":23,"column":3}},{"start":{},"end":{}}],"line":16}},"s":{"0":1,"1":1,"2":1,"3":1,"4":1,"5":1,"6":1,"7":1,"8":1,"9":2,"10":2,"11":2,"12":2,"13":2,"14":2,"15":3,"16":2,"17":1,"18":2,"19":3,"20":2,"21":2,"22":2,"23":1,"24":1,"25":1},"f":{"0":2,"1":2,"2":3},"b":{"0":[2,0]},"_coverageSchema":"1a1c01bbd47fc00a2c39e90264f33305004495a9","hash":"469e09deafee33bbd48cd2615a3ac7c6f953789b"}
}
